<?xml version="1.0" encoding="UTF-8"?>
<coverage generated="1656621734505" clover="3.2.0">
  <project timestamp="1656621734506" name="All files">
    <metrics statements="25" coveredstatements="22" conditionals="9" coveredconditionals="7" methods="2" coveredmethods="2" elements="36" coveredelements="31" complexity="0" loc="25" ncloc="25" packages="1" files="1" classes="1"/>
    <file name="RemoveString.js" path="C:\Workspace\IDS\self-assessment-email-handler\email_builder\utils\RemoveString.js">
      <metrics statements="25" coveredstatements="22" conditionals="9" coveredconditionals="7" methods="2" coveredmethods="2"/>
      <line num="1" count="1" type="cond" truecount="2" falsecount="0"/>
      <line num="2" count="1" type="cond" truecount="1" falsecount="0"/>
      <line num="3" count="6" type="cond" truecount="0" falsecount="1"/>
      <line num="4" count="0" type="stmt"/>
      <line num="5" count="0" type="stmt"/>
      <line num="6" count="6" type="stmt"/>
      <line num="7" count="6" type="stmt"/>
      <line num="8" count="6" type="stmt"/>
      <line num="9" count="6" type="cond" truecount="1" falsecount="0"/>
      <line num="10" count="348" type="cond" truecount="1" falsecount="0"/>
      <line num="11" count="11" type="stmt"/>
      <line num="12" count="11" type="stmt"/>
      <line num="13" count="348" type="cond" truecount="1" falsecount="0"/>
      <line num="14" count="6" type="stmt"/>
      <line num="15" count="6" type="stmt"/>
      <line num="16" count="342" type="cond" truecount="1" falsecount="0"/>
      <line num="17" count="342" type="stmt"/>
      <line num="18" count="342" type="stmt"/>
      <line num="19" count="0" type="cond" truecount="0" falsecount="1"/>
      <line num="20" count="1" type="stmt"/>
      <line num="21" count="1" type="stmt"/>
      <line num="22" count="1" type="stmt"/>
      <line num="23" count="1" type="stmt"/>
      <line num="24" count="1" type="stmt"/>
      <line num="25" count="1" type="stmt"/>
    </file>
  </project>
</coverage>
