{"C:\\Workspace\\IDS\\self-assessment-email-handler\\email_builder\\utils\\RemoveString.js": {"path":"C:\\Workspace\\IDS\\self-assessment-email-handler\\email_builder\\utils\\RemoveString.js","all":false,"statementMap":{"0":{"start":{"line":1,"column":0},"end":{"line":1,"column":81}},"1":{"start":{"line":2,"column":0},"end":{"line":2,"column":33}},"2":{"start":{"line":3,"column":0},"end":{"line":3,"column":28}},"3":{"start":{"line":4,"column":0},"end":{"line":4,"column":14}},"4":{"start":{"line":5,"column":0},"end":{"line":5,"column":3}},"5":{"start":{"line":6,"column":0},"end":{"line":6,"column":16}},"6":{"start":{"line":7,"column":0},"end":{"line":7,"column":23}},"7":{"start":{"line":8,"column":0},"end":{"line":8,"column":21}},"8":{"start":{"line":9,"column":0},"end":{"line":9,"column":29}},"9":{"start":{"line":10,"column":0},"end":{"line":10,"column":45}},"10":{"start":{"line":11,"column":0},"end":{"line":11,"column":22}},"11":{"start":{"line":12,"column":0},"end":{"line":12,"column":5}},"12":{"start":{"line":13,"column":0},"end":{"line":13,"column":29}},"13":{"start":{"line":14,"column":0},"end":{"line":14,"column":73}},"14":{"start":{"line":15,"column":0},"end":{"line":15,"column":5}},"15":{"start":{"line":16,"column":0},"end":{"line":16,"column":13}},"16":{"start":{"line":17,"column":0},"end":{"line":17,"column":15}},"17":{"start":{"line":18,"column":0},"end":{"line":18,"column":3}},"18":{"start":{"line":19,"column":0},"end":{"line":19,"column":12}},"19":{"start":{"line":20,"column":0},"end":{"line":20,"column":2}},"20":{"start":{"line":21,"column":0},"end":{"line":21,"column":0}},"21":{"start":{"line":22,"column":0},"end":{"line":22,"column":44}},"22":{"start":{"line":23,"column":0},"end":{"line":23,"column":39}},"23":{"start":{"line":24,"column":0},"end":{"line":24,"column":0}},"24":{"start":{"line":25,"column":0},"end":{"line":25,"column":27}}},"s":{"0":1,"1":1,"2":6,"3":0,"4":0,"5":6,"6":6,"7":6,"8":6,"9":348,"10":11,"11":11,"12":348,"13":6,"14":6,"15":342,"16":342,"17":342,"18":0,"19":1,"20":1,"21":1,"22":1,"23":1,"24":1},"branchMap":{"0":{"type":"branch","line":1,"loc":{"start":{"line":1,"column":0},"end":{"line":25,"column":27}},"locations":[{"start":{"line":1,"column":0},"end":{"line":25,"column":27}}]},"1":{"type":"branch","line":1,"loc":{"start":{"line":1,"column":0},"end":{"line":25,"column":27}},"locations":[{"start":{"line":1,"column":0},"end":{"line":25,"column":27}}]},"2":{"type":"branch","line":2,"loc":{"start":{"line":2,"column":12},"end":{"line":20,"column":1}},"locations":[{"start":{"line":2,"column":12},"end":{"line":20,"column":1}}]},"3":{"type":"branch","line":3,"loc":{"start":{"line":3,"column":27},"end":{"line":5,"column":3}},"locations":[{"start":{"line":3,"column":27},"end":{"line":5,"column":3}}]},"4":{"type":"branch","line":9,"loc":{"start":{"line":9,"column":28},"end":{"line":18,"column":3}},"locations":[{"start":{"line":9,"column":28},"end":{"line":18,"column":3}}]},"5":{"type":"branch","line":10,"loc":{"start":{"line":10,"column":44},"end":{"line":12,"column":5}},"locations":[{"start":{"line":10,"column":44},"end":{"line":12,"column":5}}]},"6":{"type":"branch","line":13,"loc":{"start":{"line":13,"column":28},"end":{"line":15,"column":5}},"locations":[{"start":{"line":13,"column":28},"end":{"line":15,"column":5}}]},"7":{"type":"branch","line":16,"loc":{"start":{"line":16,"column":-2},"end":{"line":18,"column":3}},"locations":[{"start":{"line":16,"column":-2},"end":{"line":18,"column":3}}]},"8":{"type":"branch","line":19,"loc":{"start":{"line":19,"column":-2},"end":{"line":20,"column":0}},"locations":[{"start":{"line":19,"column":-2},"end":{"line":20,"column":0}}]}},"b":{"0":[1],"1":[1],"2":[6],"3":[0],"4":[348],"5":[11],"6":[6],"7":[342],"8":[0]},"fnMap":{"0":{"name":"Object.<anonymous>","decl":{"start":{"line":1,"column":0},"end":{"line":25,"column":27}},"loc":{"start":{"line":1,"column":0},"end":{"line":25,"column":27}},"line":1},"1":{"name":"removeStr","decl":{"start":{"line":2,"column":12},"end":{"line":20,"column":1}},"loc":{"start":{"line":2,"column":12},"end":{"line":20,"column":1}},"line":2}},"f":{"0":1,"1":6}}
}
