TN:
SF:aws_config.js
FN:1,Object.<anonymous>
FNF:1
FNH:1
FNDA:3,Object.<anonymous>
DA:1,3
DA:2,3
DA:3,3
DA:4,3
DA:5,3
DA:6,3
DA:7,3
DA:8,3
DA:9,3
DA:10,3
DA:11,3
DA:12,3
DA:13,3
DA:14,3
DA:15,3
DA:16,3
DA:17,3
DA:18,3
DA:19,3
DA:20,3
DA:21,3
DA:22,3
DA:23,3
DA:24,3
DA:25,3
DA:26,3
DA:27,3
DA:28,3
DA:29,3
DA:30,3
DA:31,3
DA:32,3
DA:33,3
DA:34,3
DA:35,3
DA:36,3
DA:37,3
DA:38,3
DA:39,3
DA:40,3
DA:41,3
DA:42,3
DA:43,3
DA:44,3
DA:45,3
LF:45
LH:45
BRDA:1,0,0,3
BRDA:1,1,0,3
BRDA:32,2,0,0
BRDA:33,3,0,0
BRDA:45,4,0,0
BRF:5
BRH:2
end_of_record
TN:
SF:aws\index.js
FN:1,Object.<anonymous>
FN:7,Object.<anonymous>.exports.handler
FNF:2
FNH:2
FNDA:1,Object.<anonymous>
FNDA:1,Object.<anonymous>.exports.handler
DA:1,1
DA:2,1
DA:3,1
DA:4,1
DA:5,1
DA:6,1
DA:7,1
DA:8,1
DA:9,1
DA:10,1
DA:11,1
DA:12,1
DA:13,1
DA:14,1
DA:15,1
DA:16,1
DA:17,1
DA:18,1
DA:19,1
DA:20,1
DA:21,1
DA:22,1
DA:23,1
DA:24,1
DA:25,1
DA:26,1
DA:27,1
DA:28,1
DA:29,1
DA:30,1
DA:31,1
DA:32,1
DA:33,1
DA:34,1
DA:35,0
DA:36,0
DA:37,0
DA:38,1
DA:39,1
DA:40,0
DA:41,0
DA:42,0
DA:43,0
DA:44,1
DA:45,1
DA:46,1
DA:47,1
DA:48,1
DA:49,0
DA:50,0
DA:51,0
DA:52,1
LF:52
LH:42
BRDA:1,0,0,1
BRDA:1,1,0,1
BRDA:7,2,0,1
BRDA:34,3,0,0
BRDA:39,4,0,0
BRDA:48,5,0,0
BRF:6
BRH:3
end_of_record
TN:
SF:aws\services\S3Service.js
FN:1,Object.<anonymous>
FN:15,get
FN:22,convertStream
FN:49,write
FNF:4
FNH:3
FNDA:3,Object.<anonymous>
FNDA:1,get
FNDA:0,convertStream
FNDA:1,write
DA:1,3
DA:2,3
DA:3,3
DA:4,3
DA:5,3
DA:6,3
DA:7,3
DA:8,3
DA:9,3
DA:10,3
DA:11,3
DA:12,3
DA:13,3
DA:14,3
DA:15,3
DA:16,1
DA:17,1
DA:18,1
DA:19,1
DA:20,1
DA:21,1
DA:22,1
DA:23,0
DA:24,0
DA:25,0
DA:26,0
DA:27,1
DA:28,1
DA:29,1
DA:30,1
DA:31,1
DA:32,1
DA:33,1
DA:34,0
DA:35,1
DA:36,1
DA:37,1
DA:38,0
DA:39,0
DA:40,0
DA:41,3
DA:42,3
DA:43,3
DA:44,3
DA:45,3
DA:46,3
DA:47,3
DA:48,3
DA:49,3
DA:50,1
DA:51,1
DA:52,1
DA:53,1
DA:54,1
DA:55,1
DA:56,1
DA:57,1
DA:58,1
DA:59,1
DA:60,0
DA:61,0
DA:62,0
DA:63,3
DA:64,3
DA:65,3
DA:66,3
LF:66
LH:55
BRDA:1,0,0,3
BRDA:1,1,0,3
BRDA:15,2,0,1
BRDA:34,3,0,0
BRDA:35,4,0,0
BRDA:35,5,0,0
BRDA:37,6,0,0
BRDA:49,7,0,1
BRDA:59,8,0,0
BRF:9
BRH:4
end_of_record
TN:
SF:aws\services\SqsService.js
FN:1,Object.<anonymous>
FN:10,Object.<anonymous>.module.exports.deleteSQSMessages
FNF:2
FNH:2
FNDA:2,Object.<anonymous>
FNDA:2,Object.<anonymous>.module.exports.deleteSQSMessages
DA:1,2
DA:2,2
DA:3,2
DA:4,2
DA:5,2
DA:6,2
DA:7,2
DA:8,2
DA:9,2
DA:10,2
DA:11,2
DA:12,2
DA:13,2
DA:14,2
DA:15,2
DA:16,2
DA:17,2
DA:18,2
DA:19,2
DA:20,2
DA:21,2
DA:22,2
DA:23,0
DA:24,0
DA:25,0
DA:26,2
LF:26
LH:23
BRDA:1,0,0,2
BRDA:1,1,0,2
BRDA:10,2,0,2
BRDA:22,3,0,0
BRF:4
BRH:3
end_of_record
TN:
SF:controllers\BuildEmailController.js
FN:1,Object.<anonymous>
FN:8,Object.<anonymous>.module.exports.renderEmailTemplateByID
FNF:2
FNH:2
FNDA:2,Object.<anonymous>
FNDA:9,Object.<anonymous>.module.exports.renderEmailTemplateByID
DA:1,2
DA:2,2
DA:3,2
DA:4,2
DA:5,2
DA:6,2
DA:7,2
DA:8,2
DA:9,9
DA:10,9
DA:11,9
DA:12,9
DA:13,9
DA:14,9
DA:15,9
DA:16,9
DA:17,9
DA:18,9
DA:19,9
DA:20,9
DA:21,9
DA:22,9
DA:23,9
DA:24,0
DA:25,0
DA:26,0
DA:27,0
DA:28,0
DA:29,0
DA:30,0
DA:31,0
DA:32,0
DA:33,0
DA:34,8
DA:35,8
DA:36,8
DA:37,8
DA:38,8
DA:39,8
DA:40,8
DA:41,8
DA:42,8
DA:43,8
DA:44,8
DA:45,8
DA:46,8
DA:47,8
DA:48,9
DA:49,9
DA:50,1
DA:51,1
DA:52,1
DA:53,2
LF:53
LH:43
BRDA:1,0,0,2
BRDA:1,1,0,2
BRDA:8,2,0,9
BRDA:23,3,0,0
BRDA:34,4,0,8
BRDA:48,5,0,0
BRDA:48,6,0,8
BRDA:48,7,0,0
BRDA:49,8,0,1
BRF:9
BRH:6
end_of_record
TN:
SF:controllers\SendEmailController.js
FN:1,Object.<anonymous>
FN:14,Object.<anonymous>.module.exports.sendEmail
FNF:2
FNH:2
FNDA:1,Object.<anonymous>
FNDA:4,Object.<anonymous>.module.exports.sendEmail
DA:1,1
DA:2,1
DA:3,1
DA:4,1
DA:5,1
DA:6,1
DA:7,1
DA:8,1
DA:9,1
DA:10,1
DA:11,1
DA:12,1
DA:13,1
DA:14,1
DA:15,4
DA:16,1
DA:17,1
DA:18,3
DA:19,3
DA:20,3
DA:21,3
DA:22,3
DA:23,3
DA:24,3
DA:25,3
DA:26,3
DA:27,3
DA:28,3
DA:29,4
DA:30,0
DA:31,0
DA:32,0
DA:33,1
LF:33
LH:30
BRDA:1,0,0,1
BRDA:1,1,0,1
BRDA:14,2,0,4
BRDA:15,3,0,3
BRDA:15,4,0,1
BRDA:18,5,0,3
BRDA:29,6,0,0
BRF:7
BRH:6
end_of_record
TN:
SF:controllers\UpdateModelController.js
FN:1,Object.<anonymous>
FN:5,Object.<anonymous>.module.exports.setData
FNF:2
FNH:2
FNDA:3,Object.<anonymous>
FNDA:13,Object.<anonymous>.module.exports.setData
DA:1,3
DA:2,3
DA:3,3
DA:4,3
DA:5,3
DA:6,13
DA:7,13
DA:8,13
DA:9,13
DA:10,13
DA:11,13
DA:12,13
DA:13,13
DA:14,13
DA:15,13
DA:16,13
DA:17,13
DA:18,13
DA:19,13
DA:20,13
DA:21,13
DA:22,13
DA:23,13
DA:24,13
DA:25,13
DA:26,154
DA:27,154
DA:28,154
DA:29,154
DA:30,0
DA:31,0
DA:32,0
DA:33,154
DA:34,13
DA:35,13
DA:36,13
DA:37,13
DA:38,13
DA:39,13
DA:40,13
DA:41,13
DA:42,13
DA:43,11
DA:44,13
DA:45,0
DA:46,0
DA:47,0
DA:48,11
DA:49,11
DA:50,11
DA:51,13
DA:52,0
DA:53,0
DA:54,0
DA:55,11
DA:56,11
DA:57,13
DA:58,13
DA:59,13
DA:60,13
DA:61,2
DA:62,2
DA:63,2
DA:64,3
LF:64
LH:55
BRDA:1,0,0,3
BRDA:1,1,0,3
BRDA:5,2,0,13
BRDA:12,3,0,2
BRDA:12,4,0,11
BRDA:13,5,0,2
BRDA:13,6,0,11
BRDA:18,7,0,12
BRDA:19,8,0,12
BRDA:20,9,0,0
BRDA:42,10,0,11
BRDA:44,11,0,0
BRDA:48,12,0,11
BRDA:51,13,0,0
BRDA:55,14,0,11
BRDA:60,15,0,2
BRDA:7,16,0,117
BRDA:25,17,0,154
BRDA:28,18,0,0
BRDA:29,19,0,0
BRDA:37,20,0,33
BRDA:38,21,0,44
BRDA:39,22,0,97
BRDA:40,23,0,108
BRDA:57,24,0,16
BRF:25
BRH:20
end_of_record
TN:
SF:model\model.js
FN:1,Object.<anonymous>
FNF:1
FNH:1
FNDA:3,Object.<anonymous>
DA:1,3
DA:2,3
DA:3,3
DA:4,3
DA:5,3
DA:6,3
DA:7,3
DA:8,3
DA:9,3
DA:10,3
DA:11,3
DA:12,3
DA:13,3
DA:14,3
DA:15,3
DA:16,3
DA:17,3
DA:18,3
DA:19,3
DA:20,3
DA:21,3
DA:22,3
DA:23,3
DA:24,3
DA:25,3
DA:26,3
DA:27,3
DA:28,3
DA:29,3
DA:30,3
DA:31,3
DA:32,3
DA:33,3
DA:34,3
DA:35,3
DA:36,3
DA:37,3
DA:38,3
DA:39,3
DA:40,3
DA:41,3
DA:42,3
DA:43,3
DA:44,3
DA:45,3
DA:46,3
DA:47,3
DA:48,3
DA:49,3
DA:50,3
DA:51,3
DA:52,3
DA:53,3
DA:54,3
DA:55,3
DA:56,3
DA:57,3
DA:58,3
DA:59,3
DA:60,3
DA:61,3
DA:62,3
DA:63,3
DA:64,3
DA:65,3
DA:66,3
DA:67,3
DA:68,3
DA:69,3
DA:70,3
DA:71,3
DA:72,3
DA:73,3
DA:74,3
LF:74
LH:74
BRDA:1,0,0,3
BRDA:1,1,0,3
BRF:2
BRH:2
end_of_record
